<component name="libraryTable">
  <library name="junit-team-junit5-cd5150c">
    <CLASSES />
    <JAVADOC />
    <SOURCES>
      <root url="file://$PROJECT_DIR$/../junit-team-junit5-cd5150c" />
      <root url="file://$PROJECT_DIR$/../junit-team-junit5-cd5150c/documentation/src/main/java" />
      <root url="file://$PROJECT_DIR$/../junit-team-junit5-cd5150c/documentation/src/test/java" />
      <root url="file://$PROJECT_DIR$/../junit-team-junit5-cd5150c/junit-jupiter-api/src/main/java" />
      <root url="file://$PROJECT_DIR$/../junit-team-junit5-cd5150c/junit-jupiter-api/src/testFixtures/java" />
      <root url="file://$PROJECT_DIR$/../junit-team-junit5-cd5150c/junit-jupiter-engine/src/main/java" />
      <root url="file://$PROJECT_DIR$/../junit-team-junit5-cd5150c/junit-jupiter-engine/src/testFixtures/java" />
      <root url="file://$PROJECT_DIR$/../junit-team-junit5-cd5150c/junit-jupiter-engine/src/test/java" />
      <root url="file://$PROJECT_DIR$/../junit-team-junit5-cd5150c/junit-jupiter-migrationsupport/src/main/java" />
      <root url="file://$PROJECT_DIR$/../junit-team-junit5-cd5150c/junit-jupiter-migrationsupport/src/test/java" />
      <root url="file://$PROJECT_DIR$/../junit-team-junit5-cd5150c/junit-jupiter-params/src/main/java" />
      <root url="file://$PROJECT_DIR$/../junit-team-junit5-cd5150c/junit-jupiter-params/src/test/java" />
      <root url="file://$PROJECT_DIR$/../junit-team-junit5-cd5150c/junit-platform-commons/src/main/java" />
      <root url="file://$PROJECT_DIR$/../junit-team-junit5-cd5150c/junit-platform-commons/src/main/java9" />
      <root url="file://$PROJECT_DIR$/../junit-team-junit5-cd5150c/junit-platform-commons/src/testFixtures/java" />
      <root url="file://$PROJECT_DIR$/../junit-team-junit5-cd5150c/junit-platform-console/src/main/java" />
      <root url="file://$PROJECT_DIR$/../junit-team-junit5-cd5150c/junit-platform-console/src/main/java17" />
      <root url="file://$PROJECT_DIR$/../junit-team-junit5-cd5150c/junit-platform-console/src/main/java9" />
      <root url="file://$PROJECT_DIR$/../junit-team-junit5-cd5150c/junit-platform-engine/src/main/java" />
      <root url="file://$PROJECT_DIR$/../junit-team-junit5-cd5150c/junit-platform-engine/src/testFixtures/java" />
      <root url="file://$PROJECT_DIR$/../junit-team-junit5-cd5150c/junit-platform-jfr/src/main/java" />
      <root url="file://$PROJECT_DIR$/../junit-team-junit5-cd5150c/junit-platform-launcher/src/main/java" />
      <root url="file://$PROJECT_DIR$/../junit-team-junit5-cd5150c/junit-platform-launcher/src/testFixtures/java" />
      <root url="file://$PROJECT_DIR$/../junit-team-junit5-cd5150c/junit-platform-reporting/src/main/java" />
      <root url="file://$PROJECT_DIR$/../junit-team-junit5-cd5150c/junit-platform-runner/src/main/java" />
      <root url="file://$PROJECT_DIR$/../junit-team-junit5-cd5150c/junit-platform-suite-api/src/main/java" />
      <root url="file://$PROJECT_DIR$/../junit-team-junit5-cd5150c/junit-platform-suite-commons/src/main/java" />
      <root url="file://$PROJECT_DIR$/../junit-team-junit5-cd5150c/junit-platform-suite-engine/src/main/java" />
      <root url="file://$PROJECT_DIR$/../junit-team-junit5-cd5150c/junit-platform-testkit/src/main/java" />
      <root url="file://$PROJECT_DIR$/../junit-team-junit5-cd5150c/junit-vintage-engine/src/main/java" />
      <root url="file://$PROJECT_DIR$/../junit-team-junit5-cd5150c/junit-vintage-engine/src/testFixtures/java" />
      <root url="file://$PROJECT_DIR$/../junit-team-junit5-cd5150c/junit-vintage-engine/src/test/java" />
      <root url="file://$PROJECT_DIR$/../junit-team-junit5-cd5150c/platform-tests/src/jmh/java" />
      <root url="file://$PROJECT_DIR$/../junit-team-junit5-cd5150c/platform-tests/src/test/java" />
      <root url="file://$PROJECT_DIR$/../junit-team-junit5-cd5150c/platform-tests/src/test/resources/modules-2500" />
      <root url="file://$PROJECT_DIR$/../junit-team-junit5-cd5150c/platform-tooling-support-tests/projects/ant-starter/src/main/java" />
      <root url="file://$PROJECT_DIR$/../junit-team-junit5-cd5150c/platform-tooling-support-tests/projects/ant-starter/src/test/java" />
      <root url="file://$PROJECT_DIR$/../junit-team-junit5-cd5150c/platform-tooling-support-tests/projects/graalvm-starter/src/main/java" />
      <root url="file://$PROJECT_DIR$/../junit-team-junit5-cd5150c/platform-tooling-support-tests/projects/graalvm-starter/src/test/java" />
      <root url="file://$PROJECT_DIR$/../junit-team-junit5-cd5150c/platform-tooling-support-tests/projects/gradle-missing-engine/src/test/java" />
      <root url="file://$PROJECT_DIR$/../junit-team-junit5-cd5150c/platform-tooling-support-tests/projects/gradle-starter/src/main/java" />
      <root url="file://$PROJECT_DIR$/../junit-team-junit5-cd5150c/platform-tooling-support-tests/projects/gradle-starter/src/test/java" />
      <root url="file://$PROJECT_DIR$/../junit-team-junit5-cd5150c/platform-tooling-support-tests/projects/java-versions/src/test/java" />
      <root url="file://$PROJECT_DIR$/../junit-team-junit5-cd5150c/platform-tooling-support-tests/projects/maven-starter/src/main/java" />
      <root url="file://$PROJECT_DIR$/../junit-team-junit5-cd5150c/platform-tooling-support-tests/projects/maven-starter/src/test/java" />
      <root url="file://$PROJECT_DIR$/../junit-team-junit5-cd5150c/platform-tooling-support-tests/projects/maven-surefire-compatibility/src/test/java" />
      <root url="file://$PROJECT_DIR$/../junit-team-junit5-cd5150c/platform-tooling-support-tests/projects/multi-release-jar/default/src/test/java/integration" />
      <root url="file://$PROJECT_DIR$/../junit-team-junit5-cd5150c/platform-tooling-support-tests/projects/standalone/src" />
      <root url="file://$PROJECT_DIR$/../junit-team-junit5-cd5150c/platform-tooling-support-tests/projects/vintage/src/test/java" />
      <root url="file://$PROJECT_DIR$/../junit-team-junit5-cd5150c/platform-tooling-support-tests/src/main/java" />
      <root url="file://$PROJECT_DIR$/../junit-team-junit5-cd5150c/platform-tooling-support-tests/src/test/java" />
    </SOURCES>
  </library>
</component>